Performing C SOURCE FILE Test CMAKE_HAVE_LIBC_PTHREAD failed with the following output:
Change Dir: /home/arikakite/git_repos/ws/build/CMakeFiles/CMakeTmp

Run Build Command(s):/usr/bin/make cmTC_9102f/fast && /usr/bin/make -f CMakeFiles/cmTC_9102f.dir/build.make CMakeFiles/cmTC_9102f.dir/build
make[1] : on entre dans le répertoire « /home/arikakite/git_repos/ws/build/CMakeFiles/CMakeTmp »
Building C object CMakeFiles/cmTC_9102f.dir/src.c.o
/usr/bin/cc   -DCMAKE_HAVE_LIBC_PTHREAD   -o CMakeFiles/cmTC_9102f.dir/src.c.o   -c /home/arikakite/git_repos/ws/build/CMakeFiles/CMakeTmp/src.c
Linking C executable cmTC_9102f
/usr/bin/cmake -E cmake_link_script CMakeFiles/cmTC_9102f.dir/link.txt --verbose=1
/usr/bin/cc  -DCMAKE_HAVE_LIBC_PTHREAD    -rdynamic CMakeFiles/cmTC_9102f.dir/src.c.o  -o cmTC_9102f 
/usr/bin/ld : CMakeFiles/cmTC_9102f.dir/src.c.o : dans la fonction « main » :
src.c:(.text+0x46) : référence indéfinie vers « pthread_create »
/usr/bin/ld : src.c:(.text+0x52) : référence indéfinie vers « pthread_detach »
/usr/bin/ld : src.c:(.text+0x63) : référence indéfinie vers « pthread_join »
collect2: error: ld returned 1 exit status
make[1]: *** [CMakeFiles/cmTC_9102f.dir/build.make:87 : cmTC_9102f] Erreur 1
make[1] : on quitte le répertoire « /home/arikakite/git_repos/ws/build/CMakeFiles/CMakeTmp »
make: *** [Makefile:121 : cmTC_9102f/fast] Erreur 2


Source file was:
#include <pthread.h>

void* test_func(void* data)
{
  return data;
}

int main(void)
{
  pthread_t thread;
  pthread_create(&thread, NULL, test_func, NULL);
  pthread_detach(thread);
  pthread_join(thread, NULL);
  pthread_atfork(NULL, NULL, NULL);
  pthread_exit(NULL);

  return 0;
}

Determining if the function pthread_create exists in the pthreads failed with the following output:
Change Dir: /home/arikakite/git_repos/ws/build/CMakeFiles/CMakeTmp

Run Build Command(s):/usr/bin/make cmTC_32a2e/fast && /usr/bin/make -f CMakeFiles/cmTC_32a2e.dir/build.make CMakeFiles/cmTC_32a2e.dir/build
make[1] : on entre dans le répertoire « /home/arikakite/git_repos/ws/build/CMakeFiles/CMakeTmp »
Building C object CMakeFiles/cmTC_32a2e.dir/CheckFunctionExists.c.o
/usr/bin/cc   -DCHECK_FUNCTION_EXISTS=pthread_create   -o CMakeFiles/cmTC_32a2e.dir/CheckFunctionExists.c.o   -c /usr/share/cmake-3.16/Modules/CheckFunctionExists.c
Linking C executable cmTC_32a2e
/usr/bin/cmake -E cmake_link_script CMakeFiles/cmTC_32a2e.dir/link.txt --verbose=1
/usr/bin/cc  -DCHECK_FUNCTION_EXISTS=pthread_create    -rdynamic CMakeFiles/cmTC_32a2e.dir/CheckFunctionExists.c.o  -o cmTC_32a2e  -lpthreads 
/usr/bin/ld : ne peut trouver -lpthreads
collect2: error: ld returned 1 exit status
make[1]: *** [CMakeFiles/cmTC_32a2e.dir/build.make:87 : cmTC_32a2e] Erreur 1
make[1] : on quitte le répertoire « /home/arikakite/git_repos/ws/build/CMakeFiles/CMakeTmp »
make: *** [Makefile:121 : cmTC_32a2e/fast] Erreur 2



